{"level":"info","message":"Successfully obtained URI for track ava max salt"}
{"level":"info","message":"Successfully obtained URI for track ava max salt"}
{"level":"info","message":"Successfully obtained URI for track ava max salt"}
{"level":"info","message":"Successfully obtained URI for track ava max salt"}
{"level":"info","message":"Successfully obtained URI for track ava max salt"}
{"level":"info","message":"Successfully obtained URI for track ava max salt"}
{"level":"info","message":"Successfully obtained URI for track ava max salt"}
{"level":"error","message":"Error while searching for Spotify track data"}
{"level":"error","message":"Error while accessing Spotify."}
{"level":"info","message":"Successfully obtained URI for track ava max salt"}
{"level":"error","message":"Error while searching for Spotify track data"}
{"level":"error","message":"Error while accessing Spotify."}
{"level":"info","message":"Successfully obtained URI for track ava max salt"}
{"level":"error","message":"Error while searching for Spotify track data"}
{"level":"error","message":"Error while accessing Spotify."}
{"level":"info","message":"Successfully obtained URI for track ava max salt"}
{"level":"error","message":"Error while searching for Spotify track data"}
{"level":"error","message":"Error while accessing Spotify."}
{"level":"info","message":"Successfully obtained URI for track ava max salt"}
{"level":"error","message":"Error while searching for Spotify track data"}
{"level":"error","message":"Error while accessing Spotify."}
{"level":"info","message":"Successfully obtained URI for track ava max salt"}
{"level":"error","message":"Error while searching for Spotify track data"}
{"level":"error","message":"Error while accessing Spotify."}
{"level":"info","message":"Successfully obtained URI for track ava max salt"}
{"level":"error","message":"Error while searching for Spotify track data"}
{"level":"error","message":"Error while accessing Spotify."}
{"level":"info","message":"Successfully obtained URI for track ava max salt"}
{"level":"error","message":"Error while searching for Spotify track data"}
{"level":"error","message":"Error while accessing Spotify."}
{"level":"info","message":"Successfully obtained URI for track ava max salt"}
{"level":"error","message":"Error while searching for Spotify track data"}
{"level":"error","message":"Error while accessing Spotify."}
{"level":"info","message":"Successfully obtained URI for track ava max salt"}
{"level":"error","message":"Error while searching for Spotify track data"}
{"level":"error","message":"Error while accessing Spotify."}
{"level":"info","message":"Successfully obtained URI for track ava max salt"}
{"level":"error","message":"Error while searching for Spotify track data"}
{"level":"info","message":"Successfully obtained URI for track ava max salt"}
{"level":"error","message":"Error while searching for Spotify track data"}
{"level":"error","message":"Error while accessing Spotify."}
{"level":"error","message":"Error while searching for Spotify track data"}
{"level":"error","message":"Error while accessing Spotify."}
{"level":"info","message":"Successfully obtained URI for track ava max salt"}
{"level":"error","message":"Error while searching for Spotify track data"}
{"level":"error","message":"Error while accessing Spotify."}
{"level":"info","message":"Successfully obtained URI for track ava max salt"}
{"level":"error","message":"Error while searching for Spotify track data"}
{"level":"error","message":"Error while accessing Spotify."}
{"level":"info","message":"Successfully obtained URI for track ava max salt"}
{"level":"error","message":"Error while searching for Spotify track data"}
{"level":"error","message":"Error while accessing Spotify."}
{"level":"info","message":"Successfully obtained URI for track ava max salt"}
{"level":"error","message":"Error while searching for Spotify track data"}
{"level":"error","message":"Error while accessing Spotify."}
{"level":"info","message":"Successfully obtained URI for track ava max salt"}
{"level":"error","message":"Error while searching for Spotify track data"}
{"level":"error","message":"Error while accessing Spotify."}
{"level":"info","message":"Successfully obtained URI for track ava max salt"}
{"level":"error","message":"Error while searching for Spotify track data"}
{"level":"error","message":"Error while accessing Spotify."}
{"level":"info","message":"Successfully obtained URI for track ava max salt"}
{"level":"error","message":"Error while searching for Spotify track data"}
{"level":"error","message":"Error while accessing Spotify."}
{"level":"info","message":"Successfully obtained URI for track ava max salt"}
{"level":"error","message":"Error while searching for Spotify track data"}
{"level":"error","message":"Error while accessing Spotify."}
{"level":"info","message":"Successfully obtained URI for track ava max salt"}
{"level":"error","message":"Error while searching for Spotify track data"}
{"level":"error","message":"Error while accessing Spotify."}
{"level":"info","message":"Successfully obtained URI for track ava max salt"}
{"level":"error","message":"Error while searching for Spotify track data"}
{"level":"error","message":"Error while accessing Spotify."}
{"level":"info","message":"Successfully obtained URI for track ava max salt"}
{"level":"error","message":"Error while searching for Spotify track data"}
{"level":"error","message":"Error while accessing Spotify."}
{"level":"info","message":"Successfully obtained URI for track ava max salt"}
{"level":"error","message":"Error while searching for Spotify track data"}
{"level":"error","message":"Error while accessing Spotify."}
{"level":"info","message":"Successfully obtained URI for track ava max salt"}
{"level":"error","message":"Error while searching for Spotify track data"}
{"level":"error","message":"Error while accessing Spotify."}
{"level":"info","message":"Successfully obtained URI for track ava max salt"}
{"level":"error","message":"Error while searching for Spotify track data"}
{"level":"error","message":"Error while accessing Spotify."}
{"level":"info","message":"Successfully obtained URI for track ava max salt"}
{"level":"error","message":"Error while searching for Spotify track data"}
{"level":"info","message":"Successfully obtained URI for track ava max salt"}
{"level":"error","message":"Error while searching for Spotify track data"}
{"level":"info","message":"Successfully obtained URI for track pantera walk"}
{"level":"info","message":"Song with URI spotify:track:7vgv8KZBSo0TPzyIWG9yzV added in playlist wiht ID 1UlJQWQApYaiwO89GpG80z"}
{"level":"error","message":"Error while searching for Spotify track data"}
{"level":"info","message":"Successfully obtained URI for track ava max salt"}
{"level":"info","message":"Song with URI spotify:track:7fcfNW0XxTWlwVlftzfDOR added in playlist wiht ID 1UlJQWQApYaiwO89GpG80z"}
{"level":"error","message":"Error while searching for Spotify track data"}
{"level":"info","message":"Successfully obtained URI for track pantera walk"}
{"level":"info","message":"Song with URI spotify:track:7vgv8KZBSo0TPzyIWG9yzV added in playlist wiht ID 1UlJQWQApYaiwO89GpG80z"}
{"level":"error","message":"Error while searching for Spotify track data"}
{"level":"info","message":"Successfully obtained URI for track ava max salt"}
{"level":"info","message":"Song with URI spotify:track:7fcfNW0XxTWlwVlftzfDOR added in playlist wiht ID 1UlJQWQApYaiwO89GpG80z"}
{"level":"error","message":"Error while searching for Spotify track data"}
{"level":"info","message":"Successfully obtained URI for track ava max salt"}
{"level":"error","message":"Error while searching for Spotify track data"}
{"level":"info","message":"Successfully obtained URI for track pantera walk"}
{"level":"info","message":"Song with URI spotify:track:7vgv8KZBSo0TPzyIWG9yzV added in playlist wiht ID 1UlJQWQApYaiwO89GpG80z"}
{"level":"error","message":"Error while searching for Spotify track data"}
{"level":"info","message":"Successfully obtained URI for track ava max salt"}
{"level":"info","message":"Song with URI spotify:track:7fcfNW0XxTWlwVlftzfDOR added in playlist wiht ID 1UlJQWQApYaiwO89GpG80z"}
{"level":"error","message":"Error while searching for Spotify track data"}
{"level":"info","message":"Successfully obtained URI for track ava max salt"}
{"level":"error","message":"Error while searching for Spotify track data"}
{"level":"info","message":"Successfully obtained URI for track ava max salt"}
{"level":"info","message":"Song with URI spotify:track:7vgv8KZBSo0TPzyIWG9yzV added in playlist wiht ID 1UlJQWQApYaiwO89GpG80z"}
{"level":"error","message":"Error while searching for Spotify track data"}
{"level":"info","message":"Song with URI spotify:track:7vgv8KZBSo0TPzyIWG9yzV added in playlist wiht ID 1UlJQWQApYaiwO89GpG80z"}
{"level":"info","message":"Successfully obtained URI for track ava max salt"}
{"level":"error","message":"Error while searching for Spotify track data"}
{"level":"info","message":"Song with URI spotify:track:7vgv8KZBSo0TPzyIWG9yzV added in playlist wiht ID 1UlJQWQApYaiwO89GpG80z"}
{"level":"info","message":"Successfully obtained URI for track pantera psycho holliday"}
{"level":"error","message":"Error while searching for Spotify track data"}
{"level":"info","message":"Successfully obtained URI for track yeet"}
{"level":"info","message":"Song with URI spotify:track:5JCZHWdFLg2rXtg684rTHt added in playlist wiht ID 1UlJQWQApYaiwO89GpG80z"}
{"level":"error","message":"Error while searching for Spotify track data"}
{"level":"info","message":"Song with URI spotify:track:1m4a0UgyDVze3erZyH7im4 added in playlist wiht ID 1UlJQWQApYaiwO89GpG80z"}
{"level":"info","message":"Successfully obtained URI for track ava max salt"}
{"level":"error","message":"Error while searching for Spotify track data"}
{"level":"info","message":"Successfully obtained URI for track ava max salt"}
{"level":"error","message":"Error while searching for Spotify track data"}
{"level":"info","message":"Song with URI spotify:track:7vgv8KZBSo0TPzyIWG9yzV added in playlist wiht ID 1UlJQWQApYaiwO89GpG80z"}
{"level":"info","message":"Successfully obtained URI for track pantera walk"}
{"level":"error","message":"Error while searching for Spotify track data"}
{"level":"info","message":"Song with URI spotify:track:7fcfNW0XxTWlwVlftzfDOR added in playlist wiht ID 1UlJQWQApYaiwO89GpG80z"}
{"level":"info","message":"Successfully obtained URI for track pantera walk"}
{"level":"error","message":"Error while searching for Spotify track data"}
{"level":"info","message":"Successfully obtained URI for track pantera walk"}
{"level":"info","message":"Song with URI spotify:track:7fcfNW0XxTWlwVlftzfDOR added in playlist wiht ID 1UlJQWQApYaiwO89GpG80z"}
{"level":"error","message":"Error while searching for Spotify track data"}
{"level":"info","message":"Song with URI spotify:track:7fcfNW0XxTWlwVlftzfDOR added in playlist wiht ID 1UlJQWQApYaiwO89GpG80z"}
{"level":"info","message":"Successfully obtained URI for track pantera walk"}
{"level":"error","message":"Error while searching for Spotify track data"}
{"level":"info","message":"Successfully obtained URI for track ava max salt"}
{"level":"info","message":"Song with URI spotify:track:7fcfNW0XxTWlwVlftzfDOR added in playlist wiht ID 1UlJQWQApYaiwO89GpG80z"}
{"level":"error","message":"Error while searching for Spotify track data"}
{"level":"info","message":"Song with URI spotify:track:7vgv8KZBSo0TPzyIWG9yzV added in playlist wiht ID 1UlJQWQApYaiwO89GpG80z"}
{"level":"info","message":"Successfully obtained URI for track ava max salt"}
{"level":"error","message":"Error while searching for Spotify track data"}
{"level":"info","message":"Successfully obtained URI for track ava max salt"}
{"level":"info","message":"Song with URI spotify:track:7vgv8KZBSo0TPzyIWG9yzV added in playlist with ID 1UlJQWQApYaiwO89GpG80z"}
{"level":"error","message":"Error while searching for Spotify track data"}
{"level":"info","message":"Successfully obtained URI for track ava max salt"}
{"level":"info","message":"Song with URI spotify:track:7vgv8KZBSo0TPzyIWG9yzV added in playlist with ID 1UlJQWQApYaiwO89GpG80z"}
{"level":"error","message":"Error while searching for Spotify track data"}
{"level":"info","message":"Successfully obtained URI for track ava max salt"}
{"level":"info","message":"Song with URI spotify:track:7vgv8KZBSo0TPzyIWG9yzV added in playlist with ID 1UlJQWQApYaiwO89GpG80z"}
{"level":"error","message":"Error while searching for Spotify track data"}
{"level":"info","message":"Successfully obtained URI for track ava max salt"}
{"level":"info","message":"Song with URI spotify:track:7vgv8KZBSo0TPzyIWG9yzV added in playlist with ID 1UlJQWQApYaiwO89GpG80z"}
{"level":"error","message":"Error while searching for Spotify track data"}
{"level":"info","message":"Successfully obtained URI for track ava max salt"}
{"level":"info","message":"Song with URI spotify:track:7vgv8KZBSo0TPzyIWG9yzV added in playlist with ID 1UlJQWQApYaiwO89GpG80z"}
{"level":"error","message":"Error while searching for Spotify track data"}
{"level":"info","message":"Successfully obtained URI for track ava max salt"}
{"level":"info","message":"Song with URI spotify:track:7vgv8KZBSo0TPzyIWG9yzV added in playlist with ID 1UlJQWQApYaiwO89GpG80z"}
{"level":"error","message":"Error while searching for Spotify track data"}
{"level":"info","message":"Successfully obtained URI for track ava max salt"}
{"level":"info","message":"Song with URI spotify:track:7vgv8KZBSo0TPzyIWG9yzV added in playlist with ID 1UlJQWQApYaiwO89GpG80z"}
{"level":"error","message":"Error while searching for Spotify track data"}
{"level":"info","message":"Song with URI spotify:track:7vgv8KZBSo0TPzyIWG9yzV added in playlist with ID 1UlJQWQApYaiwO89GpG80z"}
{"level":"info","message":"Successfully obtained URI for track ava max salt"}
{"level":"error","message":"Error while searching for Spotify track data"}
{"level":"info","message":"Successfully obtained URI for track ava max salt"}
{"level":"info","message":"Song with URI spotify:track:7vgv8KZBSo0TPzyIWG9yzV added in playlist with ID 1UlJQWQApYaiwO89GpG80z"}
{"level":"error","message":"Error while searching for Spotify track data"}
{"level":"info","message":"Successfully obtained URI for track ava max salt"}
{"level":"info","message":"Song with URI spotify:track:7vgv8KZBSo0TPzyIWG9yzV added in playlist with ID 1UlJQWQApYaiwO89GpG80z"}
{"level":"error","message":"Error while searching for Spotify track data"}
{"level":"info","message":"Successfully obtained URI for track ava max salt"}
{"level":"info","message":"Song with URI spotify:track:7vgv8KZBSo0TPzyIWG9yzV added in playlist with ID 1UlJQWQApYaiwO89GpG80z"}
